<?xml version="1.0" encoding="UTF-8"?>
<testng-results skipped="0" failed="0" ignored="0" total="1" passed="1">
  <reporter-output>
  </reporter-output>
  <suite name="Default suite" duration-ms="26702" started-at="2018-11-02T09:12:01Z" finished-at="2018-11-02T09:12:28Z">
    <groups>
    </groups>
    <test name="Default test" duration-ms="26702" started-at="2018-11-02T09:12:01Z" finished-at="2018-11-02T09:12:28Z">
      <class name="TestCases.SeleniumByTestNG">
        <test-method status="PASS" signature="Beforetestenothing()[pri:0, instance:TestCases.SeleniumByTestNG@1970963]" name="Beforetestenothing" is-config="true" duration-ms="12" started-at="2018-11-02T09:12:01Z" finished-at="2018-11-02T09:12:01Z">
          <reporter-output>
          </reporter-output>
        </test-method> <!-- Beforetestenothing -->
        <test-method status="PASS" signature="SecureFileDownload(java.lang.String, java.lang.String)[pri:0, instance:TestCases.SeleniumByTestNG@1970963]" name="SecureFileDownload" duration-ms="26640" started-at="2018-11-02T09:12:01Z" data-provider="BrowserProvider" finished-at="2018-11-02T09:12:28Z">
          <params>
            <param index="0">
              <value>
                <![CDATA[Chrome]]>
              </value>
            </param>
            <param index="1">
              <value>
                <![CDATA[Browser]]>
              </value>
            </param>
          </params>
          <reporter-output>
          </reporter-output>
        </test-method> <!-- SecureFileDownload -->
        <test-method status="PASS" signature="teardownAftertest()[pri:0, instance:TestCases.SeleniumByTestNG@1970963]" name="teardownAftertest" is-config="true" duration-ms="26" started-at="2018-11-02T09:12:28Z" finished-at="2018-11-02T09:12:28Z">
          <reporter-output>
          </reporter-output>
        </test-method> <!-- teardownAftertest -->
      </class> <!-- TestCases.SeleniumByTestNG -->
    </test> <!-- Default test -->
  </suite> <!-- Default suite -->
</testng-results>
